# JRE version: OpenJDK Runtime Environment (11.0.8+10) (build 11.0.8+10-b944.6842174)
# Java VM: OpenJDK 64-Bit Server VM (11.0.8+10-b944.6842174, mixed mode, tiered, compressed oops, g1 gc, windows-amd64)
Heap:
 garbage-first heap   total 297984K, used 126396K [0x0000000080000000, 0x0000000100000000)
  region size 1024K, 3 young (3072K), 2 survivors (2048K)
 Metaspace       used 124986K, capacity 128596K, committed 130764K, reserved 1163264K
  class space    used 15137K, capacity 16416K, committed 16588K, reserved 1048576K
GC Heap History (20 events):
Event: 6627.049 GC heap before
{Heap before GC invocations=252 (full 0):
 garbage-first heap   total 297984K, used 190013K [0x0000000080000000, 0x0000000100000000)
  region size 1024K, 80 young (81920K), 1 survivors (1024K)
 Metaspace       used 124892K, capacity 128594K, committed 130252K, reserved 1163264K
  class space    used 15154K, capacity 16449K, committed 16588K, reserved 1048576K
}
Event: 6627.064 GC heap after
{Heap after GC invocations=253 (full 0):
 garbage-first heap   total 297984K, used 113447K [0x0000000080000000, 0x0000000100000000)
  region size 1024K, 4 young (4096K), 4 survivors (4096K)
 Metaspace       used 124892K, capacity 128594K, committed 130252K, reserved 1163264K
  class space    used 15154K, capacity 16449K, committed 16588K, reserved 1048576K
}
Event: 6634.532 GC heap before
{Heap before GC invocations=254 (full 0):
 garbage-first heap   total 297984K, used 245543K [0x0000000080000000, 0x0000000100000000)
  region size 1024K, 131 young (134144K), 4 survivors (4096K)
 Metaspace       used 126792K, capacity 130425K, committed 130508K, reserved 1163264K
  class space    used 15261K, capacity 16546K, committed 16588K, reserved 1048576K
}
Event: 6634.543 GC heap after
{Heap after GC invocations=255 (full 0):
 garbage-first heap   total 297984K, used 117067K [0x0000000080000000, 0x0000000100000000)
  region size 1024K, 5 young (5120K), 5 survivors (5120K)
 Metaspace       used 126792K, capacity 130425K, committed 130508K, reserved 1163264K
  class space    used 15261K, capacity 16546K, committed 16588K, reserved 1048576K
}
Event: 6634.636 GC heap before
{Heap before GC invocations=255 (full 0):
 garbage-first heap   total 297984K, used 125259K [0x0000000080000000, 0x0000000100000000)
  region size 1024K, 14 young (14336K), 5 survivors (5120K)
 Metaspace       used 126806K, capacity 130425K, committed 130508K, reserved 1163264K
  class space    used 15261K, capacity 16546K, committed 16588K, reserved 1048576K
}
Event: 6634.646 GC heap after
{Heap after GC invocations=256 (full 0):
 garbage-first heap   total 297984K, used 104804K [0x0000000080000000, 0x0000000100000000)
  region size 1024K, 1 young (1024K), 1 survivors (1024K)
 Metaspace       used 126806K, capacity 130425K, committed 130508K, reserved 1163264K
  class space    used 15261K, capacity 16546K, committed 16588K, reserved 1048576K
}
Event: 6636.666 GC heap before
{Heap before GC invocations=256 (full 0):
 garbage-first heap   total 297984K, used 187748K [0x0000000080000000, 0x0000000100000000)
  region size 1024K, 84 young (86016K), 1 survivors (1024K)
 Metaspace       used 126843K, capacity 130439K, committed 130508K, reserved 1163264K
  class space    used 15263K, capacity 16548K, committed 16588K, reserved 1048576K
}
Event: 6636.673 GC heap after
{Heap after GC invocations=257 (full 0):
 garbage-first heap   total 297984K, used 105571K [0x0000000080000000, 0x0000000100000000)
  region size 1024K, 2 young (2048K), 2 survivors (2048K)
 Metaspace       used 126843K, capacity 130439K, committed 130508K, reserved 1163264K
  class space    used 15263K, capacity 16548K, committed 16588K, reserved 1048576K
}
Event: 7166.760 GC heap before
{Heap before GC invocations=258 (full 0):
 garbage-first heap   total 297984K, used 262243K [0x0000000080000000, 0x0000000100000000)
  region size 1024K, 135 young (138240K), 2 survivors (2048K)
 Metaspace       used 124916K, capacity 128464K, committed 130508K, reserved 1163264K
  class space    used 15137K, capacity 16416K, committed 16588K, reserved 1048576K
}
Event: 7166.781 GC heap after
{Heap after GC invocations=259 (full 0):
 garbage-first heap   total 297984K, used 111324K [0x0000000080000000, 0x0000000100000000)
  region size 1024K, 8 young (8192K), 8 survivors (8192K)
 Metaspace       used 124916K, capacity 128464K, committed 130508K, reserved 1163264K
  class space    used 15137K, capacity 16416K, committed 16588K, reserved 1048576K
}
Event: 7166.853 GC heap before
{Heap before GC invocations=259 (full 0):
 garbage-first heap   total 297984K, used 116444K [0x0000000080000000, 0x0000000100000000)
  region size 1024K, 14 young (14336K), 8 survivors (8192K)
 Metaspace       used 124916K, capacity 128464K, committed 130508K, reserved 1163264K
  class space    used 15137K, capacity 16416K, committed 16588K, reserved 1048576K
}
Event: 7166.870 GC heap after
{Heap after GC invocations=260 (full 0):
 garbage-first heap   total 297984K, used 110655K [0x0000000080000000, 0x0000000100000000)
  region size 1024K, 1 young (1024K), 1 survivors (1024K)
 Metaspace       used 124916K, capacity 128464K, committed 130508K, reserved 1163264K
  class space    used 15137K, capacity 16416K, committed 16588K, reserved 1048576K
}
Event: 7174.457 GC heap before
{Heap before GC invocations=260 (full 0):
 garbage-first heap   total 297984K, used 196671K [0x0000000080000000, 0x0000000100000000)
  region size 1024K, 87 young (89088K), 1 survivors (1024K)
 Metaspace       used 125191K, capacity 128835K, committed 130508K, reserved 1163264K
  class space    used 15159K, capacity 16456K, committed 16588K, reserved 1048576K
}
Event: 7174.473 GC heap after
{Heap after GC invocations=261 (full 0):
 garbage-first heap   total 297984K, used 113009K [0x0000000080000000, 0x0000000100000000)
  region size 1024K, 4 young (4096K), 4 survivors (4096K)
 Metaspace       used 125191K, capacity 128835K, committed 130508K, reserved 1163264K
  class space    used 15159K, capacity 16456K, committed 16588K, reserved 1048576K
}
Event: 7197.211 GC heap before
{Heap before GC invocations=262 (full 0):
 garbage-first heap   total 297984K, used 246129K [0x0000000080000000, 0x0000000100000000)
  region size 1024K, 132 young (135168K), 4 survivors (4096K)
 Metaspace       used 127007K, capacity 130596K, committed 130764K, reserved 1163264K
  class space    used 15265K, capacity 16552K, committed 16588K, reserved 1048576K
}
Event: 7197.222 GC heap after
{Heap after GC invocations=263 (full 0):
 garbage-first heap   total 297984K, used 116608K [0x0000000080000000, 0x0000000100000000)
  region size 1024K, 5 young (5120K), 5 survivors (5120K)
 Metaspace       used 127007K, capacity 130596K, committed 130764K, reserved 1163264K
  class space    used 15265K, capacity 16552K, committed 16588K, reserved 1048576K
}
Event: 7197.291 GC heap before
{Heap before GC invocations=263 (full 0):
 garbage-first heap   total 297984K, used 124800K [0x0000000080000000, 0x0000000100000000)
  region size 1024K, 14 young (14336K), 5 survivors (5120K)
 Metaspace       used 127007K, capacity 130596K, committed 130764K, reserved 1163264K
  class space    used 15265K, capacity 16552K, committed 16588K, reserved 1048576K
}
Event: 7197.302 GC heap after
{Heap after GC invocations=264 (full 0):
 garbage-first heap   total 297984K, used 104243K [0x0000000080000000, 0x0000000100000000)
  region size 1024K, 1 young (1024K), 1 survivors (1024K)
 Metaspace       used 127007K, capacity 130596K, committed 130764K, reserved 1163264K
  class space    used 15265K, capacity 16552K, committed 16588K, reserved 1048576K
}
Event: 7199.521 GC heap before
{Heap before GC invocations=264 (full 0):
 garbage-first heap   total 297984K, used 188211K [0x0000000080000000, 0x0000000100000000)
  region size 1024K, 85 young (87040K), 1 survivors (1024K)
 Metaspace       used 127019K, capacity 130660K, committed 130764K, reserved 1163264K
  class space    used 15266K, capacity 16552K, committed 16588K, reserved 1048576K
}
Event: 7199.528 GC heap after
{Heap after GC invocations=265 (full 0):
 garbage-first heap   total 297984K, used 104892K [0x0000000080000000, 0x0000000100000000)
  region size 1024K, 2 young (2048K), 2 survivors (2048K)
 Metaspace       used 127019K, capacity 130660K, committed 130764K, reserved 1163264K
  class space    used 15266K, capacity 16552K, committed 16588K, reserved 1048576K
}

